Using pre-set license
Built from '2020.3/staging' branch; Version is '2020.3.16f1 (049d6eca3c44) revision 302446'; Using compiler version '192528614'; Build Type 'Release'
OS: 'Windows 10 Home; OS build 19043.1165; Version 2009; 64bit' Language: 'en' Physical Memory: 65433 MB
BatchMode: 1, IsHumanControllingUs: 0, StartBugReporterOnCrash: 0, Is64bit: 1, IsPro: 0

 COMMAND LINE ARGUMENTS:
C:\Program Files\Unity\Hub\Editor\2020.3.16f1\Editor\Unity.exe
-adb2
-batchMode
-noUpm
-name
AssetImportWorker0
-projectPath
C:/Users/Sean/Documents/GitHub/Light-Reaction
-logFile
Logs/AssetImportWorker0.log
-srvPort
61317
Successfully changed project path to: C:/Users/Sean/Documents/GitHub/Light-Reaction
C:/Users/Sean/Documents/GitHub/Light-Reaction
Using Asset Import Pipeline V2.
Refreshing native plugins compatible for Editor in 46.68 ms, found 2 plugins.
Preloading 0 native plugins for Editor in 0.00 ms.
Initialize engine version: 2020.3.16f1 (049d6eca3c44)
[Subsystems] Discovering subsystems at path C:/Program Files/Unity/Hub/Editor/2020.3.16f1/Editor/Data/Resources/UnitySubsystems
[Subsystems] Discovering subsystems at path C:/Users/Sean/Documents/GitHub/Light-Reaction/Assets
GfxDevice: creating device client; threaded=0
Direct3D:
    Version:  Direct3D 11.0 [level 11.1]
    Renderer: NVIDIA GeForce GTX 1060 6GB (ID=0x1c03)
    Vendor:   
    VRAM:     6052 MB
    Driver:   30.0.14.7168
Initialize mono
Mono path[0] = 'C:/Program Files/Unity/Hub/Editor/2020.3.16f1/Editor/Data/Managed'
Mono path[1] = 'C:/Program Files/Unity/Hub/Editor/2020.3.16f1/Editor/Data/MonoBleedingEdge/lib/mono/unityjit'
Mono config path = 'C:/Program Files/Unity/Hub/Editor/2020.3.16f1/Editor/Data/MonoBleedingEdge/etc'
Using monoOptions --debugger-agent=transport=dt_socket,embedding=1,server=y,suspend=n,address=127.0.0.1:56732
Begin MonoManager ReloadAssembly
Registering precompiled unity dll's ...
Register platform support module: C:/Program Files/Unity/Hub/Editor/2020.3.16f1/Editor/Data/PlaybackEngines/WindowsStandaloneSupport/UnityEditor.WindowsStandalone.Extensions.dll
Registered in 0.001521 seconds.
Native extension for WindowsStandalone target not found
Refreshing native plugins compatible for Editor in 35.27 ms, found 2 plugins.
Preloading 0 native plugins for Editor in 0.00 ms.
Mono: successfully reloaded assembly
- Completed reload, in  0.748 seconds
Domain Reload Profiling:
	ReloadAssembly (748ms)
		BeginReloadAssembly (39ms)
			ExecutionOrderSort (0ms)
			DisableScriptedObjects (0ms)
			BackupInstance (0ms)
			ReleaseScriptingObjects (0ms)
			CreateAndSetChildDomain (1ms)
		EndReloadAssembly (323ms)
			LoadAssemblies (37ms)
			RebuildTransferFunctionScriptingTraits (0ms)
			SetupTypeCache (113ms)
			ReleaseScriptCaches (0ms)
			RebuildScriptCaches (21ms)
			SetupLoadedEditorAssemblies (126ms)
				LogAssemblyErrors (0ms)
				InitializePlatformSupportModulesInManaged (3ms)
				SetLoadedEditorAssemblies (0ms)
				RefreshPlugins (35ms)
				BeforeProcessingInitializeOnLoad (11ms)
				ProcessInitializeOnLoadAttributes (57ms)
				ProcessInitializeOnLoadMethodAttributes (20ms)
				AfterProcessingInitializeOnLoad (0ms)
				EditorAssembliesLoaded (0ms)
			ExecutionOrderSort2 (0ms)
			AwakeInstancesAfterBackupRestoration (0ms)
Platform modules already initialized, skipping
Registering precompiled user dll's ...
Registered in 0.004104 seconds.
Begin MonoManager ReloadAssembly
Native extension for WindowsStandalone target not found
Refreshing native plugins compatible for Editor in 0.58 ms, found 2 plugins.
Preloading 0 native plugins for Editor in 0.00 ms.
Mono: successfully reloaded assembly
- Completed reload, in  0.874 seconds
Domain Reload Profiling:
	ReloadAssembly (875ms)
		BeginReloadAssembly (108ms)
			ExecutionOrderSort (0ms)
			DisableScriptedObjects (3ms)
			BackupInstance (0ms)
			ReleaseScriptingObjects (0ms)
			CreateAndSetChildDomain (16ms)
		EndReloadAssembly (718ms)
			LoadAssemblies (67ms)
			RebuildTransferFunctionScriptingTraits (0ms)
			SetupTypeCache (213ms)
			ReleaseScriptCaches (0ms)
			RebuildScriptCaches (33ms)
			SetupLoadedEditorAssemblies (333ms)
				LogAssemblyErrors (0ms)
				InitializePlatformSupportModulesInManaged (4ms)
				SetLoadedEditorAssemblies (0ms)
				RefreshPlugins (1ms)
				BeforeProcessingInitializeOnLoad (67ms)
				ProcessInitializeOnLoadAttributes (230ms)
				ProcessInitializeOnLoadMethodAttributes (27ms)
				AfterProcessingInitializeOnLoad (5ms)
				EditorAssembliesLoaded (0ms)
			ExecutionOrderSort2 (0ms)
			AwakeInstancesAfterBackupRestoration (5ms)
Platform modules already initialized, skipping
========================================================================
Worker process is ready to serve import requests
Launched and connected shader compiler UnityShaderCompiler.exe after 0.05 seconds
Refreshing native plugins compatible for Editor in 0.55 ms, found 2 plugins.
Preloading 0 native plugins for Editor in 0.00 ms.
Unloading 1951 Unused Serialized files (Serialized files now loaded: 0)
System memory in use before: 80.6 MB.
System memory in use after: 80.7 MB.

Unloading 58 unused Assets to reduce memory usage. Loaded Objects now: 2355.
Total: 4.581200 ms (FindLiveObjects: 0.160000 ms CreateObjectMapping: 0.060000 ms MarkObjects: 4.308900 ms  DeleteObjects: 0.051700 ms)

AssetImportParameters requested are different than current active one (requested -> active):
  custom:framework-win-MediaFoundation: 216162199b28c13a410421893ffa2e32 -> 
  custom:video-decoder-ogg-theora: a1e56fd34408186e4bbccfd4996cb3dc -> 
  custom:container-muxer-webm: aa71ff27fc2769a1b78a27578f13a17b -> 
  custom:container-demuxer-webm: 4f35f7cbe854078d1ac9338744f61a02 -> 
  custom:container-demuxer-ogg: 62fdf1f143b41e24485cea50d1cbac27 -> 
  custom:video-encoder-webm-vp8: eb34c28f22e8b96e1ab97ce403110664 -> 
  custom:video-decoder-webm-vp8: 9c59270c3fd7afecdb556c50c9e8de78 -> 
  custom:audio-decoder-ogg-vorbis: bf7c407c2cedff20999df2af8eb42d56 -> 
  custom:audio-encoder-webm-vorbis: bf7c407c2cedff20999df2af8eb42d56 -> 
========================================================================
Received Import Request.
  path: Assets/CUP 1.fbx
  artifactKey: Guid(be2efa83af42fbb42bd9f7acd25ee194) Importer(815301076,1909f56bfc062723c751e8b465ee728b)
Start importing Assets/CUP 1.fbx using Guid(be2efa83af42fbb42bd9f7acd25ee194) Importer(815301076,1909f56bfc062723c751e8b465ee728b)  -> (artifact id: '81f5ad02f28f8e2ed909413fc2119ebd') in 0.120575 seconds 
  Import took 0.123012 seconds .

========================================================================
Received Import Request.
  Time since last request: 0.000212 seconds.
  path: Assets/Chair 1.fbx
  artifactKey: Guid(94aebbdd419d60f489f40c851f7dbb1e) Importer(815301076,1909f56bfc062723c751e8b465ee728b)
Start importing Assets/Chair 1.fbx using Guid(94aebbdd419d60f489f40c851f7dbb1e) Importer(815301076,1909f56bfc062723c751e8b465ee728b)  -> (artifact id: '74307434af29d5a63e23d45369cd02c9') in 0.018497 seconds 
  Import took 0.020862 seconds .

========================================================================
Received Import Request.
  Time since last request: 121.788859 seconds.
  path: Assets/MATERIALS WITH RESPECTIVE TEXTURES/Chair Base.mat
  artifactKey: Guid(43b0531cd6d82f14db36d2e8ee1e0fba) Importer(815301076,1909f56bfc062723c751e8b465ee728b)
Start importing Assets/MATERIALS WITH RESPECTIVE TEXTURES/Chair Base.mat using Guid(43b0531cd6d82f14db36d2e8ee1e0fba) Importer(815301076,1909f56bfc062723c751e8b465ee728b)  -> (artifact id: 'c23fa71e7d52cdce571d1bd9a276e705') in 0.043115 seconds 
  Import took 0.046729 seconds .

========================================================================
Received Import Request.
  Time since last request: 9.521681 seconds.
  path: Assets/Prefab/Chair 1.prefab
  artifactKey: Guid(3924cb8f4de76b94c90dca1355e1dabc) Importer(815301076,1909f56bfc062723c751e8b465ee728b)
Start importing Assets/Prefab/Chair 1.prefab using Guid(3924cb8f4de76b94c90dca1355e1dabc) Importer(815301076,1909f56bfc062723c751e8b465ee728b)  -> (artifact id: '7d0b48b57d40d12f3d84c10e1d5adfcd') in 0.032231 seconds 
  Import took 0.036581 seconds .

========================================================================
Received Import Request.
  Time since last request: 0.001796 seconds.
  path: Assets/Prefab/Chair 1.prefab
  artifactKey: Guid(3924cb8f4de76b94c90dca1355e1dabc) Importer(815301076,1909f56bfc062723c751e8b465ee728b)
Start importing Assets/Prefab/Chair 1.prefab using Guid(3924cb8f4de76b94c90dca1355e1dabc) Importer(815301076,1909f56bfc062723c751e8b465ee728b)  -> (artifact id: '7d0b48b57d40d12f3d84c10e1d5adfcd') in 0.030228 seconds 
  Import took 0.034456 seconds .

AssetImportWorkerClient::OnTransportError - code=2 error=End of file
